
Oct 19, 2022 10:43:49.990 NEW SESSION
Oct 19, 2022 10:43:49.990 Opening in existing browser session.
Oct 19, 2022 11:15:15.135 Opening in existing browser session.
Oct 19, 2022 11:18:57.890 Opening in existing browser session.
Oct 19, 2022 11:21:45.580 Opening in existing browser session.
Oct 19, 2022 11:34:17.725 Opening in existing browser session.
Oct 19, 2022 11:42:08.516 Opening in existing browser session.
Oct 19, 2022 11:48:12.341 Opening in existing browser session.
Oct 19, 2022 11:55:00.180 Opening in existing browser session.
Oct 19, 2022 11:57:58.806 Opening in existing browser session.
Oct 19, 2022 12:01:28.539 Opening in existing browser session.
Oct 19, 2022 12:05:07.201 Opening in existing browser session.
Oct 19, 2022 12:05:44.840 Opening in existing browser session.
Oct 19, 2022 12:32:34.390 Opening in existing browser session.
Oct 19, 2022 12:37:22.222 Opening in existing browser session.
Oct 19, 2022 12:52:33.358 Opening in existing browser session.
Oct 19, 2022 12:54:29.855 Opening in existing browser session.
Oct 19, 2022 12:55:04.14 Opening in existing browser session.
Oct 19, 2022 12:55:45.193 Opening in existing browser session.
Oct 19, 2022 12:57:02.93 Opening in existing browser session.
Oct 19, 2022 12:58:27.224 Opening in existing browser session.
Oct 19, 2022 13:00:50.909 Opening in existing browser session.
Oct 19, 2022 14:04:37.354 Opening in existing browser session.
Oct 19, 2022 14:06:55.905 Opening in existing browser session.
Oct 19, 2022 14:07:35.111 Opening in existing browser session.
Oct 19, 2022 14:08:33.260 Opening in existing browser session.
Oct 19, 2022 14:25:45.966 Opening in existing browser session.
Oct 19, 2022 14:30:19.205 Opening in existing browser session.
Oct 19, 2022 14:34:16.674 Opening in existing browser session.
Oct 19, 2022 14:38:15.919 Opening in existing browser session.
Oct 19, 2022 15:18:23.942 Opening in existing browser session.
Oct 19, 2022 15:19:55.549 Opening in existing browser session.
Oct 19, 2022 15:41:05.76 Opening in existing browser session.
Oct 19, 2022 15:48:47.896 Opening in existing browser session.
Oct 19, 2022 16:25:28.385 Opening in existing browser session.
Oct 19, 2022 16:27:03.213 Opening in existing browser session.

Oct 20, 2022 09:48:46.130 NEW SESSION
Oct 20, 2022 09:48:46.131 Opening in existing browser session.
Oct 20, 2022 09:50:10.300 Opening in existing browser session.
Oct 20, 2022 09:50:56.478 Opening in existing browser session.
Oct 20, 2022 09:54:22.277 Opening in existing browser session.
Oct 20, 2022 10:01:09.713 Opening in existing browser session.

Oct 31, 2022 17:25:39.407 NEW SESSION
Oct 31, 2022 17:25:39.407 Opening in existing browser session.
Oct 31, 2022 17:29:15.72 Opening in existing browser session.
Oct 31, 2022 17:29:33.453 Opening in existing browser session.
Oct 31, 2022 17:30:09.352 Opening in existing browser session.
Oct 31, 2022 17:30:24.369 Opening in existing browser session.
Oct 31, 2022 17:31:51.95 Opening in existing browser session.
Oct 31, 2022 17:32:10.02 Opening in existing browser session.
Oct 31, 2022 17:45:32.656 Opening in existing browser session.
Oct 31, 2022 18:12:34.913 Opening in existing browser session.
Oct 31, 2022 18:13:59.404 Opening in existing browser session.
Oct 31, 2022 18:14:32.484 Opening in existing browser session.
Oct 31, 2022 18:15:56.608 Opening in existing browser session.
Oct 31, 2022 18:17:11.329 Opening in existing browser session.

Nov 01, 2022 10:34:33.57 NEW SESSION
Nov 01, 2022 10:34:33.57 Opening in existing browser session.
Nov 01, 2022 10:39:16.912 Opening in existing browser session.
Nov 01, 2022 10:52:47.983 Opening in existing browser session.
Nov 01, 2022 10:59:36.47 Opening in existing browser session.
Nov 01, 2022 11:00:10.570 Opening in existing browser session.
Nov 01, 2022 11:14:01.83 Opening in existing browser session.
Nov 01, 2022 11:32:21.773 Opening in existing browser session.
Nov 01, 2022 11:42:50.804 Opening in existing browser session.
Nov 01, 2022 11:47:28.238 Opening in existing browser session.
Nov 01, 2022 11:52:05.764 Opening in existing browser session.
Nov 01, 2022 12:41:31.35 Opening in existing browser session.
Nov 01, 2022 12:55:35.236 Opening in existing browser session.
Nov 01, 2022 14:20:42.383 Opening in existing browser session.

Nov 02, 2022 16:48:33.612 NEW SESSION
Nov 02, 2022 16:48:33.612 Opening in existing browser session.
Nov 02, 2022 16:53:32.559 Opening in existing browser session.
Nov 02, 2022 17:18:28.254 Opening in existing browser session.
Nov 02, 2022 17:23:57.228 Opening in existing browser session.

Nov 03, 2022 09:38:21.152 NEW SESSION
Nov 03, 2022 09:38:21.152 Opening in existing browser session.

Nov 03, 2022 14:07:53.286 NEW SESSION
Nov 03, 2022 14:07:53.286 Opening in existing browser session.
Nov 03, 2022 14:08:51.894 Opening in existing browser session.
Nov 03, 2022 14:11:06.151 Opening in existing browser session.
Nov 03, 2022 14:11:40.484 Opening in existing browser session.
Nov 03, 2022 14:12:03.523 Opening in existing browser session.

Nov 03, 2022 14:47:57.393 NEW SESSION
Nov 03, 2022 14:47:57.393 [GFX1-]: glxtest: VA-API test failed: missing or old libva-drm library.
Nov 03, 2022 14:47:57.414 ATTENTION: default value of option mesa_glthread overridden by environment.
Nov 03, 2022 14:47:57.425 ATTENTION: default value of option mesa_glthread overridden by environment.
Nov 03, 2022 14:47:57.458 ATTENTION: default value of option mesa_glthread overridden by environment.
Nov 03, 2022 14:47:57.524 ATTENTION: default value of option mesa_glthread overridden by environment.
Nov 03, 2022 14:48:02.905 [GFX1-]: glxtest: VA-API test failed: missing or old libva-drm library.
Nov 03, 2022 14:48:02.925 ATTENTION: default value of option mesa_glthread overridden by environment.
Nov 03, 2022 14:48:02.935 ATTENTION: default value of option mesa_glthread overridden by environment.
Nov 03, 2022 14:48:02.968 ATTENTION: default value of option mesa_glthread overridden by environment.
Nov 03, 2022 14:48:03.11 ATTENTION: default value of option mesa_glthread overridden by environment.
Nov 03, 2022 14:48:06.629 [GFX1-]: glxtest: VA-API test failed: missing or old libva-drm library.
Nov 03, 2022 14:48:06.648 ATTENTION: default value of option mesa_glthread overridden by environment.
Nov 03, 2022 14:48:06.657 ATTENTION: default value of option mesa_glthread overridden by environment.
Nov 03, 2022 14:48:06.687 ATTENTION: default value of option mesa_glthread overridden by environment.
Nov 03, 2022 14:48:06.729 ATTENTION: default value of option mesa_glthread overridden by environment.
Nov 03, 2022 14:48:12.211 [2022-11-03T09:18:12Z ERROR viaduct::backend::ffi] Missing HTTP status
Nov 03, 2022 14:48:12.212 [2022-11-03T09:18:12Z ERROR viaduct::backend::ffi] Missing HTTP status
Nov 03, 2022 14:48:12.383 [2022-11-03T09:18:12Z ERROR viaduct::backend::ffi] Missing HTTP status
Nov 03, 2022 14:48:12.387 [2022-11-03T09:18:12Z ERROR viaduct::backend::ffi] Missing HTTP status
Nov 03, 2022 14:48:12.389 [2022-11-03T09:18:12Z ERROR viaduct::backend::ffi] Missing HTTP status
